gpgv: Signature made gio 17 ott 2013 14:42:26 CEST using DSA key ID 437D05B5
gpgv: Good signature from "Ubuntu Archive Automatic Signing Key <ftpmaster@ubuntu.com>"
gpgv: Signature made gio 17 ott 2013 14:42:26 CEST using RSA key ID C0B21F32
gpgv: Good signature from "Ubuntu Archive Automatic Signing Key (2012) <ftpmaster@ubuntu.com>"
dpkg: warning: parsing file '/var/lib/dpkg/status' near line 4 package 'dpkg':
 missing description
dpkg: warning: parsing file '/var/lib/dpkg/status' near line 4 package 'dpkg':
 missing maintainer
dpkg: warning: parsing file '/var/lib/dpkg/status' near line 4 package 'dpkg':
 missing architecture
Selecting previously unselected package base-files.
dpkg: regarding .../base-files_6.12ubuntu4_amd64.deb containing base-files, pre-dependency problem:
 base-files pre-depends on awk
  awk is not installed.

dpkg: warning: ignoring pre-dependency problem!
(Reading database ... 0 files and directories currently installed.)
Unpacking base-files (from .../base-files_6.12ubuntu4_amd64.deb) ...
Selecting previously unselected package base-passwd.
Unpacking base-passwd (from .../base-passwd_3.5.26_amd64.deb) ...
dpkg: base-passwd: dependency problems, but configuring anyway as you requested:
 base-passwd depends on libc6 (>= 2.8); however:
  Package libc6 is not installed.

Setting up base-passwd (3.5.26) ...
dpkg: base-files: dependency problems, but configuring anyway as you requested:
 base-files depends on awk; however:
  Package awk is not installed.

Setting up base-files (6.12ubuntu4) ...
dpkg: warning: parsing file '/var/lib/dpkg/status' near line 54 package 'dpkg':
 missing description
dpkg: warning: parsing file '/var/lib/dpkg/status' near line 54 package 'dpkg':
 missing maintainer
dpkg: warning: parsing file '/var/lib/dpkg/status' near line 54 package 'dpkg':
 missing architecture
dpkg: regarding .../dpkg_1.16.12ubuntu1_amd64.deb containing dpkg, pre-dependency problem:
 dpkg pre-depends on libbz2-1.0
  libbz2-1.0 is not installed.

dpkg: warning: ignoring pre-dependency problem!
dpkg: regarding .../dpkg_1.16.12ubuntu1_amd64.deb containing dpkg, pre-dependency problem:
 dpkg pre-depends on libc6 (>= 2.14)

dpkg: warning: ignoring pre-dependency problem!
dpkg: regarding .../dpkg_1.16.12ubuntu1_amd64.deb containing dpkg, pre-dependency problem:
 dpkg pre-depends on liblzma5 (>= 5.1.1alpha+20120614)

dpkg: warning: ignoring pre-dependency problem!
dpkg: regarding .../dpkg_1.16.12ubuntu1_amd64.deb containing dpkg, pre-dependency problem:
 dpkg pre-depends on libselinux1 (>= 1.32)

dpkg: warning: ignoring pre-dependency problem!
dpkg: regarding .../dpkg_1.16.12ubuntu1_amd64.deb containing dpkg, pre-dependency problem:
 dpkg pre-depends on zlib1g (>= 1:1.1.4)

dpkg: warning: ignoring pre-dependency problem!
dpkg: regarding .../dpkg_1.16.12ubuntu1_amd64.deb containing dpkg, pre-dependency problem:
 dpkg pre-depends on tar (>= 1.23)

dpkg: warning: ignoring pre-dependency problem!
(Reading database ... 123 files and directories currently installed.)
Preparing to replace dpkg 1.16.12ubuntu1 (using .../dpkg_1.16.12ubuntu1_amd64.deb) ...
Unpacking replacement dpkg ...
dpkg: dpkg: dependency problems, but configuring anyway as you requested:
 dpkg depends on libbz2-1.0; however:
  Package libbz2-1.0 is not installed.
 dpkg depends on libc6 (>= 2.14); however:
  Package libc6 is not installed.
 dpkg depends on liblzma5 (>= 5.1.1alpha+20120614); however:
  Package liblzma5 is not installed.
 dpkg depends on libselinux1 (>= 1.32); however:
  Package libselinux1 is not installed.
 dpkg depends on zlib1g (>= 1:1.1.4); however:
  Package zlib1g is not installed.
 dpkg depends on tar (>= 1.23); however:
  Package tar is not installed.

Setting up dpkg (1.16.12ubuntu1) ...
Selecting previously unselected package libc6:amd64.
(Reading database ... 391 files and directories currently installed.)
Unpacking libc6:amd64 (from .../libc6_2.17-93ubuntu4_amd64.deb) ...
dpkg: libc6:amd64: dependency problems, but configuring anyway as you requested:
 libc6:amd64 depends on libgcc1; however:
  Package libgcc1 is not installed.

Setting up libc6:amd64 (2.17-93ubuntu4) ...
Selecting previously unselected package perl-base.
(Reading database ... 707 files and directories currently installed.)
Unpacking perl-base (from .../perl-base_5.14.2-21build1_amd64.deb) ...
Setting up perl-base (5.14.2-21build1) ...
Selecting previously unselected package mawk.
(Reading database ... 1777 files and directories currently installed.)
Unpacking mawk (from .../mawk_1.3.3-17ubuntu1_amd64.deb) ...
Setting up mawk (1.3.3-17ubuntu1) ...
Selecting previously unselected package debconf.
(Reading database ... 1795 files and directories currently installed.)
Unpacking debconf (from .../debconf_1.5.50ubuntu1_all.deb) ...
Setting up debconf (1.5.50ubuntu1) ...
(Reading database ... 1975 files and directories currently installed.)
Preparing to replace base-files 6.12ubuntu4 (using .../base-files_6.12ubuntu4_amd64.deb) ...
Unpacking replacement base-files ...
Preparing to replace base-passwd 3.5.26 (using .../base-passwd_3.5.26_amd64.deb) ...
Unpacking replacement base-passwd ...
Selecting previously unselected package bash.
dpkg: regarding .../bash_4.2-5ubuntu3_amd64.deb containing bash, pre-dependency problem:
 bash pre-depends on dash (>= 0.5.5.1-2.2)

dpkg: warning: ignoring pre-dependency problem!
dpkg: regarding .../bash_4.2-5ubuntu3_amd64.deb containing bash, pre-dependency problem:
 bash pre-depends on libtinfo5
  libtinfo5 is not installed.

dpkg: warning: ignoring pre-dependency problem!
Unpacking bash (from .../bash_4.2-5ubuntu3_amd64.deb) ...
Selecting previously unselected package bsdutils.
Unpacking bsdutils (from .../bsdutils_1%3a2.20.1-5.1ubuntu9_amd64.deb) ...
Selecting previously unselected package busybox-initramfs.
Unpacking busybox-initramfs (from .../busybox-initramfs_1%3a1.20.0-8.1ubuntu1_amd64.deb) ...
Selecting previously unselected package coreutils.
dpkg: regarding .../coreutils_8.20-3ubuntu5_amd64.deb containing coreutils, pre-dependency problem:
 coreutils pre-depends on libacl1 (>= 2.2.51-8)

dpkg: warning: ignoring pre-dependency problem!
dpkg: regarding .../coreutils_8.20-3ubuntu5_amd64.deb containing coreutils, pre-dependency problem:
 coreutils pre-depends on libattr1 (>= 1:2.4.46-8)

dpkg: warning: ignoring pre-dependency problem!
dpkg: regarding .../coreutils_8.20-3ubuntu5_amd64.deb containing coreutils, pre-dependency problem:
 coreutils pre-depends on libselinux1 (>= 1.32)

dpkg: warning: ignoring pre-dependency problem!
Unpacking coreutils (from .../coreutils_8.20-3ubuntu5_amd64.deb) ...
Selecting previously unselected package cpio.
Unpacking cpio (from .../cpio_2.11+dfsg-1ubuntu1_amd64.deb) ...
Selecting previously unselected package dash.
Unpacking dash (from .../dash_0.5.7-3ubuntu1_amd64.deb) ...
Adding 'diversion of /bin/sh to /bin/sh.distrib by dash'
Adding 'diversion of /usr/share/man/man1/sh.1.gz to /usr/share/man/man1/sh.distrib.1.gz by dash'
Preparing to replace debconf 1.5.50ubuntu1 (using .../debconf_1.5.50ubuntu1_all.deb) ...
Unpacking replacement debconf ...
Selecting previously unselected package debianutils.
Unpacking debianutils (from .../debianutils_4.4_amd64.deb) ...
Selecting previously unselected package diffutils.
Unpacking diffutils (from .../diffutils_1%3a3.2-8_amd64.deb) ...
dpkg: regarding .../dpkg_1.16.12ubuntu1_amd64.deb containing dpkg, pre-dependency problem:
 dpkg pre-depends on libbz2-1.0
  libbz2-1.0 is not installed.

dpkg: warning: ignoring pre-dependency problem!
dpkg: regarding .../dpkg_1.16.12ubuntu1_amd64.deb containing dpkg, pre-dependency problem:
 dpkg pre-depends on liblzma5 (>= 5.1.1alpha+20120614)

dpkg: warning: ignoring pre-dependency problem!
dpkg: regarding .../dpkg_1.16.12ubuntu1_amd64.deb containing dpkg, pre-dependency problem:
 dpkg pre-depends on libselinux1 (>= 1.32)

dpkg: warning: ignoring pre-dependency problem!
dpkg: regarding .../dpkg_1.16.12ubuntu1_amd64.deb containing dpkg, pre-dependency problem:
 dpkg pre-depends on zlib1g (>= 1:1.1.4)

dpkg: warning: ignoring pre-dependency problem!
dpkg: regarding .../dpkg_1.16.12ubuntu1_amd64.deb containing dpkg, pre-dependency problem:
 dpkg pre-depends on tar (>= 1.23)

dpkg: warning: ignoring pre-dependency problem!
Preparing to replace dpkg 1.16.12ubuntu1 (using .../dpkg_1.16.12ubuntu1_amd64.deb) ...
Unpacking replacement dpkg ...
Selecting previously unselected package e2fslibs:amd64.
dpkg: regarding .../e2fslibs_1.42.8-1ubuntu1_amd64.deb containing e2fslibs:amd64, pre-dependency problem:
 e2fslibs pre-depends on multiarch-support
  multiarch-support is not installed.

dpkg: warning: ignoring pre-dependency problem!
Unpacking e2fslibs:amd64 (from .../e2fslibs_1.42.8-1ubuntu1_amd64.deb) ...
Selecting previously unselected package e2fsprogs.
dpkg: regarding .../e2fsprogs_1.42.8-1ubuntu1_amd64.deb containing e2fsprogs, pre-dependency problem:
 e2fsprogs pre-depends on e2fslibs (= 1.42.8-1ubuntu1)
  e2fslibs:amd64 is unpacked, but has never been configured.

dpkg: warning: ignoring pre-dependency problem!
dpkg: regarding .../e2fsprogs_1.42.8-1ubuntu1_amd64.deb containing e2fsprogs, pre-dependency problem:
 e2fsprogs pre-depends on libblkid1 (>= 2.17.2)

dpkg: warning: ignoring pre-dependency problem!
dpkg: regarding .../e2fsprogs_1.42.8-1ubuntu1_amd64.deb containing e2fsprogs, pre-dependency problem:
 e2fsprogs pre-depends on libcomerr2 (>= 1.42~WIP-2011-10-05-1)

dpkg: warning: ignoring pre-dependency problem!
dpkg: regarding .../e2fsprogs_1.42.8-1ubuntu1_amd64.deb containing e2fsprogs, pre-dependency problem:
 e2fsprogs pre-depends on libss2 (>= 1.34-1)

dpkg: warning: ignoring pre-dependency problem!
dpkg: regarding .../e2fsprogs_1.42.8-1ubuntu1_amd64.deb containing e2fsprogs, pre-dependency problem:
 e2fsprogs pre-depends on libuuid1 (>= 2.16)

dpkg: warning: ignoring pre-dependency problem!
dpkg: regarding .../e2fsprogs_1.42.8-1ubuntu1_amd64.deb containing e2fsprogs, pre-dependency problem:
 e2fsprogs pre-depends on util-linux (>= 2.15~rc1-1)

dpkg: warning: ignoring pre-dependency problem!
Unpacking e2fsprogs (from .../e2fsprogs_1.42.8-1ubuntu1_amd64.deb) ...
Selecting previously unselected package findutils.
Unpacking findutils (from .../findutils_4.4.2-6ubuntu1_amd64.deb) ...
Selecting previously unselected package gcc-4.8-base:amd64.
Unpacking gcc-4.8-base:amd64 (from .../gcc-4.8-base_4.8.1-10ubuntu8_amd64.deb) ...
Selecting previously unselected package grep.
Unpacking grep (from .../archives/grep_2.14-3_amd64.deb) ...
Selecting previously unselected package gzip.
Unpacking gzip (from .../gzip_1.6-2ubuntu1_amd64.deb) ...
Selecting previously unselected package hostname.
dpkg: regarding .../hostname_3.13ubuntu1_amd64.deb containing hostname, pre-dependency problem:
 hostname pre-depends on sysv-rc (>= 2.88dsf-24) | file-rc (>= 0.8.16)

dpkg: warning: ignoring pre-dependency problem!
Unpacking hostname (from .../hostname_3.13ubuntu1_amd64.deb) ...
Selecting previously unselected package ifupdown.
Unpacking ifupdown (from .../ifupdown_0.7.44ubuntu3_amd64.deb) ...
Selecting previously unselected package initramfs-tools.
Unpacking initramfs-tools (from .../initramfs-tools_0.103ubuntu1_all.deb) ...
Selecting previously unselected package initramfs-tools-bin.
Unpacking initramfs-tools-bin (from .../initramfs-tools-bin_0.103ubuntu1_amd64.deb) ...
Selecting previously unselected package initscripts.
Unpacking initscripts (from .../initscripts_2.88dsf-41ubuntu3_amd64.deb) ...
Selecting previously unselected package insserv.
Unpacking insserv (from .../insserv_1.14.0-5ubuntu2_amd64.deb) ...
Selecting previously unselected package iproute2.
Unpacking iproute2 (from .../iproute2_3.10.0-1ubuntu1_amd64.deb) ...
Selecting previously unselected package klibc-utils.
Unpacking klibc-utils (from .../klibc-utils_2.0.1-3.1ubuntu2_amd64.deb) ...
Selecting previously unselected package kmod.
Unpacking kmod (from .../kmod_9-3ubuntu1_amd64.deb) ...
Selecting previously unselected package libacl1:amd64.
dpkg: regarding .../libacl1_2.2.52-1_amd64.deb containing libacl1:amd64, pre-dependency problem:
 libacl1 pre-depends on multiarch-support
  multiarch-support is not installed.

dpkg: warning: ignoring pre-dependency problem!
Unpacking libacl1:amd64 (from .../libacl1_2.2.52-1_amd64.deb) ...
Selecting previously unselected package libattr1:amd64.
dpkg: regarding .../libattr1_1%3a2.4.47-1_amd64.deb containing libattr1:amd64, pre-dependency problem:
 libattr1 pre-depends on multiarch-support
  multiarch-support is not installed.

dpkg: warning: ignoring pre-dependency problem!
Unpacking libattr1:amd64 (from .../libattr1_1%3a2.4.47-1_amd64.deb) ...
Selecting previously unselected package libaudit-common.
Unpacking libaudit-common (from .../libaudit-common_1%3a2.2.2-1ubuntu4_all.deb) ...
Selecting previously unselected package libaudit1:amd64.
dpkg: regarding .../libaudit1_1%3a2.2.2-1ubuntu4_amd64.deb containing libaudit1:amd64, pre-dependency problem:
 libaudit1 pre-depends on multiarch-support
  multiarch-support is not installed.

dpkg: warning: ignoring pre-dependency problem!
Unpacking libaudit1:amd64 (from .../libaudit1_1%3a2.2.2-1ubuntu4_amd64.deb) ...
Selecting previously unselected package libblkid1:amd64.
dpkg: regarding .../libblkid1_2.20.1-5.1ubuntu9_amd64.deb containing libblkid1:amd64, pre-dependency problem:
 libblkid1 pre-depends on multiarch-support
  multiarch-support is not installed.

dpkg: warning: ignoring pre-dependency problem!
Unpacking libblkid1:amd64 (from .../libblkid1_2.20.1-5.1ubuntu9_amd64.deb) ...
Selecting previously unselected package libbz2-1.0:amd64.
dpkg: regarding .../libbz2-1.0_1.0.6-4_amd64.deb containing libbz2-1.0:amd64, pre-dependency problem:
 libbz2-1.0 pre-depends on multiarch-support
  multiarch-support is not installed.

dpkg: warning: ignoring pre-dependency problem!
Unpacking libbz2-1.0:amd64 (from .../libbz2-1.0_1.0.6-4_amd64.deb) ...
Selecting previously unselected package libc-bin.
Unpacking libc-bin (from .../libc-bin_2.17-93ubuntu4_amd64.deb) ...
Preparing to replace libc6:amd64 2.17-93ubuntu4 (using .../libc6_2.17-93ubuntu4_amd64.deb) ...
Unpacking replacement libc6:amd64 ...
Selecting previously unselected package libcap2:amd64.
dpkg: regarding .../libcap2_1%3a2.22-1.2ubuntu2_amd64.deb containing libcap2:amd64, pre-dependency problem:
 libcap2 pre-depends on multiarch-support
  multiarch-support is not installed.

dpkg: warning: ignoring pre-dependency problem!
Unpacking libcap2:amd64 (from .../libcap2_1%3a2.22-1.2ubuntu2_amd64.deb) ...
Selecting previously unselected package libcomerr2:amd64.
dpkg: regarding .../libcomerr2_1.42.8-1ubuntu1_amd64.deb containing libcomerr2:amd64, pre-dependency problem:
 libcomerr2 pre-depends on multiarch-support
  multiarch-support is not installed.

dpkg: warning: ignoring pre-dependency problem!
Unpacking libcomerr2:amd64 (from .../libcomerr2_1.42.8-1ubuntu1_amd64.deb) ...
Selecting previously unselected package libdb5.1:amd64.
dpkg: regarding .../libdb5.1_5.1.29-7_amd64.deb containing libdb5.1:amd64, pre-dependency problem:
 libdb5.1 pre-depends on multiarch-support
  multiarch-support is not installed.

dpkg: warning: ignoring pre-dependency problem!
Unpacking libdb5.1:amd64 (from .../libdb5.1_5.1.29-7_amd64.deb) ...
Selecting previously unselected package libdbus-1-3:amd64.
dpkg: regarding .../libdbus-1-3_1.6.12-0ubuntu10_amd64.deb containing libdbus-1-3:amd64, pre-dependency problem:
 libdbus-1-3 pre-depends on multiarch-support
  multiarch-support is not installed.

dpkg: warning: ignoring pre-dependency problem!
Unpacking libdbus-1-3:amd64 (from .../libdbus-1-3_1.6.12-0ubuntu10_amd64.deb) ...
Selecting previously unselected package libdrm2:amd64.
dpkg: regarding .../libdrm2_2.4.46-1_amd64.deb containing libdrm2:amd64, pre-dependency problem:
 libdrm2 pre-depends on multiarch-support
  multiarch-support is not installed.

dpkg: warning: ignoring pre-dependency problem!
Unpacking libdrm2:amd64 (from .../libdrm2_2.4.46-1_amd64.deb) ...
Selecting previously unselected package libgcc1:amd64.
dpkg: regarding .../libgcc1_1%3a4.8.1-10ubuntu8_amd64.deb containing libgcc1:amd64, pre-dependency problem:
 libgcc1 pre-depends on multiarch-support
  multiarch-support is not installed.

dpkg: warning: ignoring pre-dependency problem!
Unpacking libgcc1:amd64 (from .../libgcc1_1%3a4.8.1-10ubuntu8_amd64.deb) ...
Selecting previously unselected package libjson-c2:amd64.
dpkg: regarding .../libjson-c2_0.11-2ubuntu1_amd64.deb containing libjson-c2:amd64, pre-dependency problem:
 libjson-c2 pre-depends on multiarch-support
  multiarch-support is not installed.

dpkg: warning: ignoring pre-dependency problem!
Unpacking libjson-c2:amd64 (from .../libjson-c2_0.11-2ubuntu1_amd64.deb) ...
Selecting previously unselected package libjson0:amd64.
Unpacking libjson0:amd64 (from .../libjson0_0.11-2ubuntu1_amd64.deb) ...
Selecting previously unselected package libklibc.
Unpacking libklibc (from .../libklibc_2.0.1-3.1ubuntu2_amd64.deb) ...
Selecting previously unselected package libkmod2:amd64.
dpkg: regarding .../libkmod2_9-3ubuntu1_amd64.deb containing libkmod2:amd64, pre-dependency problem:
 libkmod2 pre-depends on multiarch-support
  multiarch-support is not installed.

dpkg: warning: ignoring pre-dependency problem!
Unpacking libkmod2:amd64 (from .../libkmod2_9-3ubuntu1_amd64.deb) ...
Selecting previously unselected package liblzma5:amd64.
dpkg: regarding .../liblzma5_5.1.1alpha+20120614-2ubuntu1_amd64.deb containing liblzma5:amd64, pre-dependency problem:
 liblzma5 pre-depends on multiarch-support
  multiarch-support is not installed.

dpkg: warning: ignoring pre-dependency problem!
Unpacking liblzma5:amd64 (from .../liblzma5_5.1.1alpha+20120614-2ubuntu1_amd64.deb) ...
Selecting previously unselected package libmount1:amd64.
dpkg: regarding .../libmount1_2.20.1-5.1ubuntu9_amd64.deb containing libmount1:amd64, pre-dependency problem:
 libmount1 pre-depends on multiarch-support
  multiarch-support is not installed.

dpkg: warning: ignoring pre-dependency problem!
Unpacking libmount1:amd64 (from .../libmount1_2.20.1-5.1ubuntu9_amd64.deb) ...
Selecting previously unselected package libncurses5:amd64.
dpkg: regarding .../libncurses5_5.9+20130608-1ubuntu1_amd64.deb containing libncurses5:amd64, pre-dependency problem:
 libncurses5 pre-depends on multiarch-support
  multiarch-support is not installed.

dpkg: warning: ignoring pre-dependency problem!
dpkg: regarding .../libncurses5_5.9+20130608-1ubuntu1_amd64.deb containing libncurses5:amd64, pre-dependency problem:
 libncurses5 pre-depends on libtinfo5 (>= 5.9-3)

dpkg: warning: ignoring pre-dependency problem!
Unpacking libncurses5:amd64 (from .../libncurses5_5.9+20130608-1ubuntu1_amd64.deb) ...
Selecting previously unselected package libncursesw5:amd64.
dpkg: regarding .../libncursesw5_5.9+20130608-1ubuntu1_amd64.deb containing libncursesw5:amd64, pre-dependency problem:
 libncursesw5 pre-depends on multiarch-support
  multiarch-support is not installed.

dpkg: warning: ignoring pre-dependency problem!
Unpacking libncursesw5:amd64 (from .../libncursesw5_5.9+20130608-1ubuntu1_amd64.deb) ...
Selecting previously unselected package libnih-dbus1:amd64.
dpkg: regarding .../libnih-dbus1_1.0.3-4ubuntu16_amd64.deb containing libnih-dbus1:amd64, pre-dependency problem:
 libnih-dbus1 pre-depends on multiarch-support
  multiarch-support is not installed.

dpkg: warning: ignoring pre-dependency problem!
Unpacking libnih-dbus1:amd64 (from .../libnih-dbus1_1.0.3-4ubuntu16_amd64.deb) ...
Selecting previously unselected package libnih1:amd64.
dpkg: regarding .../libnih1_1.0.3-4ubuntu16_amd64.deb containing libnih1:amd64, pre-dependency problem:
 libnih1 pre-depends on multiarch-support
  multiarch-support is not installed.

dpkg: warning: ignoring pre-dependency problem!
Unpacking libnih1:amd64 (from .../libnih1_1.0.3-4ubuntu16_amd64.deb) ...
Selecting previously unselected package libpam-modules:amd64.
dpkg: regarding .../libpam-modules_1.1.3-8ubuntu3_amd64.deb containing libpam-modules:amd64, pre-dependency problem:
 libpam-modules pre-depends on libaudit1 (>= 1:2.2.1)
  libaudit1:amd64 is unpacked, but has never been configured.

dpkg: warning: ignoring pre-dependency problem!
dpkg: regarding .../libpam-modules_1.1.3-8ubuntu3_amd64.deb containing libpam-modules:amd64, pre-dependency problem:
 libpam-modules pre-depends on libdb5.1
  libdb5.1:amd64 is unpacked, but has never been configured.

dpkg: warning: ignoring pre-dependency problem!
dpkg: regarding .../libpam-modules_1.1.3-8ubuntu3_amd64.deb containing libpam-modules:amd64, pre-dependency problem:
 libpam-modules pre-depends on libpam0g (>= 1.1.3-2)

dpkg: warning: ignoring pre-dependency problem!
dpkg: regarding .../libpam-modules_1.1.3-8ubuntu3_amd64.deb containing libpam-modules:amd64, pre-dependency problem:
 libpam-modules pre-depends on libselinux1 (>= 2.0.85)

dpkg: warning: ignoring pre-dependency problem!
dpkg: regarding .../libpam-modules_1.1.3-8ubuntu3_amd64.deb containing libpam-modules:amd64, pre-dependency problem:
 libpam-modules pre-depends on libpam-modules-bin (= 1.1.3-8ubuntu3)

dpkg: warning: ignoring pre-dependency problem!
Unpacking libpam-modules:amd64 (from .../libpam-modules_1.1.3-8ubuntu3_amd64.deb) ...
Selecting previously unselected package libpam-modules-bin.
Unpacking libpam-modules-bin (from .../libpam-modules-bin_1.1.3-8ubuntu3_amd64.deb) ...
Selecting previously unselected package libpam-runtime.
Unpacking libpam-runtime (from .../libpam-runtime_1.1.3-8ubuntu3_all.deb) ...
Selecting previously unselected package libpam0g:amd64.
dpkg: regarding .../libpam0g_1.1.3-8ubuntu3_amd64.deb containing libpam0g:amd64, pre-dependency problem:
 libpam0g pre-depends on multiarch-support
  multiarch-support is not installed.

dpkg: warning: ignoring pre-dependency problem!
Unpacking libpam0g:amd64 (from .../libpam0g_1.1.3-8ubuntu3_amd64.deb) ...
Selecting previously unselected package libpcre3:amd64.
dpkg: regarding .../libpcre3_1%3a8.31-2_amd64.deb containing libpcre3:amd64, pre-dependency problem:
 libpcre3 pre-depends on multiarch-support
  multiarch-support is not installed.

dpkg: warning: ignoring pre-dependency problem!
Unpacking libpcre3:amd64 (from .../libpcre3_1%3a8.31-2_amd64.deb) ...
Selecting previously unselected package libplymouth2:amd64.
dpkg: regarding .../libplymouth2_0.8.8-0ubuntu8_amd64.deb containing libplymouth2:amd64, pre-dependency problem:
 libplymouth2 pre-depends on multiarch-support
  multiarch-support is not installed.

dpkg: warning: ignoring pre-dependency problem!
Unpacking libplymouth2:amd64 (from .../libplymouth2_0.8.8-0ubuntu8_amd64.deb) ...
Selecting previously unselected package libpng12-0:amd64.
dpkg: regarding .../libpng12-0_1.2.49-4ubuntu1_amd64.deb containing libpng12-0:amd64, pre-dependency problem:
 libpng12-0 pre-depends on multiarch-support
  multiarch-support is not installed.

dpkg: warning: ignoring pre-dependency problem!
Unpacking libpng12-0:amd64 (from .../libpng12-0_1.2.49-4ubuntu1_amd64.deb) ...
Selecting previously unselected package libprocps0:amd64.
dpkg: regarding .../libprocps0_1%3a3.3.3-2ubuntu7_amd64.deb containing libprocps0:amd64, pre-dependency problem:
 libprocps0 pre-depends on multiarch-support
  multiarch-support is not installed.

dpkg: warning: ignoring pre-dependency problem!
Unpacking libprocps0:amd64 (from .../libprocps0_1%3a3.3.3-2ubuntu7_amd64.deb) ...
Selecting previously unselected package libselinux1:amd64.
dpkg: regarding .../libselinux1_2.1.13-2_amd64.deb containing libselinux1:amd64, pre-dependency problem:
 libselinux1 pre-depends on multiarch-support
  multiarch-support is not installed.

dpkg: warning: ignoring pre-dependency problem!
Unpacking libselinux1:amd64 (from .../libselinux1_2.1.13-2_amd64.deb) ...
Selecting previously unselected package libsemanage-common.
Unpacking libsemanage-common (from .../libsemanage-common_2.1.10-2_all.deb) ...
Selecting previously unselected package libsemanage1:amd64.
dpkg: regarding .../libsemanage1_2.1.10-2_amd64.deb containing libsemanage1:amd64, pre-dependency problem:
 libsemanage1 pre-depends on multiarch-support
  multiarch-support is not installed.

dpkg: warning: ignoring pre-dependency problem!
Unpacking libsemanage1:amd64 (from .../libsemanage1_2.1.10-2_amd64.deb) ...
Selecting previously unselected package libsepol1:amd64.
dpkg: regarding .../libsepol1_2.1.9-2_amd64.deb containing libsepol1:amd64, pre-dependency problem:
 libsepol1 pre-depends on multiarch-support
  multiarch-support is not installed.

dpkg: warning: ignoring pre-dependency problem!
Unpacking libsepol1:amd64 (from .../libsepol1_2.1.9-2_amd64.deb) ...
Selecting previously unselected package libslang2:amd64.
dpkg: regarding .../libslang2_2.2.4-15ubuntu1_amd64.deb containing libslang2:amd64, pre-dependency problem:
 libslang2 pre-depends on multiarch-support
  multiarch-support is not installed.

dpkg: warning: ignoring pre-dependency problem!
Unpacking libslang2:amd64 (from .../libslang2_2.2.4-15ubuntu1_amd64.deb) ...
Selecting previously unselected package libss2:amd64.
dpkg: regarding .../libss2_1.42.8-1ubuntu1_amd64.deb containing libss2:amd64, pre-dependency problem:
 libss2 pre-depends on multiarch-support
  multiarch-support is not installed.

dpkg: warning: ignoring pre-dependency problem!
Unpacking libss2:amd64 (from .../libss2_1.42.8-1ubuntu1_amd64.deb) ...
Selecting previously unselected package libtinfo5:amd64.
dpkg: regarding .../libtinfo5_5.9+20130608-1ubuntu1_amd64.deb containing libtinfo5:amd64, pre-dependency problem:
 libtinfo5 pre-depends on multiarch-support
  multiarch-support is not installed.

dpkg: warning: ignoring pre-dependency problem!
Unpacking libtinfo5:amd64 (from .../libtinfo5_5.9+20130608-1ubuntu1_amd64.deb) ...
Selecting previously unselected package libudev1:amd64.
dpkg: regarding .../libudev1_204-0ubuntu18_amd64.deb containing libudev1:amd64, pre-dependency problem:
 libudev1 pre-depends on multiarch-support
  multiarch-support is not installed.

dpkg: warning: ignoring pre-dependency problem!
Unpacking libudev1:amd64 (from .../libudev1_204-0ubuntu18_amd64.deb) ...
Selecting previously unselected package libustr-1.0-1:amd64.
dpkg: regarding .../libustr-1.0-1_1.0.4-3ubuntu1_amd64.deb containing libustr-1.0-1:amd64, pre-dependency problem:
 libustr-1.0-1 pre-depends on multiarch-support
  multiarch-support is not installed.

dpkg: warning: ignoring pre-dependency problem!
Unpacking libustr-1.0-1:amd64 (from .../libustr-1.0-1_1.0.4-3ubuntu1_amd64.deb) ...
Selecting previously unselected package libuuid1:amd64.
dpkg: regarding .../libuuid1_2.20.1-5.1ubuntu9_amd64.deb containing libuuid1:amd64, pre-dependency problem:
 libuuid1 pre-depends on multiarch-support
  multiarch-support is not installed.

dpkg: warning: ignoring pre-dependency problem!
Unpacking libuuid1:amd64 (from .../libuuid1_2.20.1-5.1ubuntu9_amd64.deb) ...
Selecting previously unselected package locales.
Unpacking locales (from .../locales_2.13+git20120306-9_all.deb) ...
Selecting previously unselected package login.
dpkg: regarding .../login_1%3a4.1.5.1-1ubuntu6_amd64.deb containing login, pre-dependency problem:
 login pre-depends on libpam0g (>= 0.99.7.1)
  libpam0g:amd64 is unpacked, but has never been configured.

dpkg: warning: ignoring pre-dependency problem!
dpkg: regarding .../login_1%3a4.1.5.1-1ubuntu6_amd64.deb containing login, pre-dependency problem:
 login pre-depends on libpam-runtime
  libpam-runtime is unpacked, but has never been configured.

dpkg: warning: ignoring pre-dependency problem!
dpkg: regarding .../login_1%3a4.1.5.1-1ubuntu6_amd64.deb containing login, pre-dependency problem:
 login pre-depends on libpam-modules
  libpam-modules:amd64 is unpacked, but has never been configured.

dpkg: warning: ignoring pre-dependency problem!
Unpacking login (from .../login_1%3a4.1.5.1-1ubuntu6_amd64.deb) ...
Selecting previously unselected package lsb-base.
Unpacking lsb-base (from .../lsb-base_4.1+Debian11ubuntu4_all.deb) ...
Selecting previously unselected package makedev.
Unpacking makedev (from .../makedev_2.3.1-93ubuntu1_all.deb) ...
Preparing to replace mawk 1.3.3-17ubuntu1 (using .../mawk_1.3.3-17ubuntu1_amd64.deb) ...
Unpacking replacement mawk ...
Selecting previously unselected package module-init-tools.
Unpacking module-init-tools (from .../module-init-tools_9-3ubuntu1_all.deb) ...
Selecting previously unselected package mount.
dpkg: regarding .../mount_2.20.1-5.1ubuntu9_amd64.deb containing mount, pre-dependency problem:
 mount pre-depends on libblkid1 (>= 2.20.1)
  libblkid1:amd64 is unpacked, but has never been configured.

dpkg: warning: ignoring pre-dependency problem!
dpkg: regarding .../mount_2.20.1-5.1ubuntu9_amd64.deb containing mount, pre-dependency problem:
 mount pre-depends on libmount1 (>= 2.20.1)
  libmount1:amd64 is unpacked, but has never been configured.

dpkg: warning: ignoring pre-dependency problem!
dpkg: regarding .../mount_2.20.1-5.1ubuntu9_amd64.deb containing mount, pre-dependency problem:
 mount pre-depends on libselinux1 (>= 2.0.15)
  libselinux1:amd64 is unpacked, but has never been configured.

dpkg: warning: ignoring pre-dependency problem!
Unpacking mount (from .../mount_2.20.1-5.1ubuntu9_amd64.deb) ...
Selecting previously unselected package mountall.
Unpacking mountall (from .../mountall_2.52_amd64.deb) ...
Selecting previously unselected package multiarch-support.
Unpacking multiarch-support (from .../multiarch-support_2.17-93ubuntu4_amd64.deb) ...
Selecting previously unselected package ncurses-base.
Unpacking ncurses-base (from .../ncurses-base_5.9+20130608-1ubuntu1_all.deb) ...
Selecting previously unselected package ncurses-bin.
dpkg: regarding .../ncurses-bin_5.9+20130608-1ubuntu1_amd64.deb containing ncurses-bin, pre-dependency problem:
 ncurses-bin pre-depends on libtinfo5 (>= 5.9+20130119)
  libtinfo5:amd64 is unpacked, but has never been configured.

dpkg: warning: ignoring pre-dependency problem!
Unpacking ncurses-bin (from .../ncurses-bin_5.9+20130608-1ubuntu1_amd64.deb) ...
Selecting previously unselected package passwd.
Unpacking passwd (from .../passwd_1%3a4.1.5.1-1ubuntu6_amd64.deb) ...
Preparing to replace perl-base 5.14.2-21build1 (using .../perl-base_5.14.2-21build1_amd64.deb) ...
Unpacking replacement perl-base ...
Selecting previously unselected package plymouth.
Unpacking plymouth (from .../plymouth_0.8.8-0ubuntu8_amd64.deb) ...
Selecting previously unselected package procps.
Unpacking procps (from .../procps_1%3a3.3.3-2ubuntu7_amd64.deb) ...
Selecting previously unselected package sed.
dpkg: regarding .../sed_4.2.2-1ubuntu1_amd64.deb containing sed, pre-dependency problem:
 sed pre-depends on libselinux1 (>= 1.32)
  libselinux1:amd64 is unpacked, but has never been configured.

dpkg: warning: ignoring pre-dependency problem!
Unpacking sed (from .../sed_4.2.2-1ubuntu1_amd64.deb) ...
Selecting previously unselected package sensible-utils.
Unpacking sensible-utils (from .../sensible-utils_0.0.9_all.deb) ...
Selecting previously unselected package sysv-rc.
Unpacking sysv-rc (from .../sysv-rc_2.88dsf-41ubuntu3_all.deb) ...
Selecting previously unselected package sysvinit-utils.
Unpacking sysvinit-utils (from .../sysvinit-utils_2.88dsf-41ubuntu3_amd64.deb) ...
Selecting previously unselected package tar.
Unpacking tar (from .../tar_1.26+dfsg-8_amd64.deb) ...
Selecting previously unselected package tzdata.
Unpacking tzdata (from .../tzdata_2013g-0ubuntu1_all.deb) ...
Selecting previously unselected package udev.
Unpacking udev (from .../udev_204-0ubuntu18_amd64.deb) ...
Adding 'diversion of /bin/udevadm to /bin/udevadm.upgrade by fake-udev'
Selecting previously unselected package upstart.
Unpacking upstart (from .../upstart_1.10-0ubuntu7_amd64.deb) ...
Selecting previously unselected package util-linux.
dpkg: regarding .../util-linux_2.20.1-5.1ubuntu9_amd64.deb containing util-linux, pre-dependency problem:
 util-linux pre-depends on libblkid1 (>= 2.20.1)
  libblkid1:amd64 is unpacked, but has never been configured.

dpkg: warning: ignoring pre-dependency problem!
dpkg: regarding .../util-linux_2.20.1-5.1ubuntu9_amd64.deb containing util-linux, pre-dependency problem:
 util-linux pre-depends on libncurses5 (>= 5.5-5~)
  libncurses5:amd64 is unpacked, but has never been configured.

dpkg: warning: ignoring pre-dependency problem!
dpkg: regarding .../util-linux_2.20.1-5.1ubuntu9_amd64.deb containing util-linux, pre-dependency problem:
 util-linux pre-depends on libselinux1 (>= 1.32)
  libselinux1:amd64 is unpacked, but has never been configured.

dpkg: warning: ignoring pre-dependency problem!
dpkg: regarding .../util-linux_2.20.1-5.1ubuntu9_amd64.deb containing util-linux, pre-dependency problem:
 util-linux pre-depends on libslang2 (>= 2.2.4)
  libslang2:amd64 is unpacked, but has never been configured.

dpkg: warning: ignoring pre-dependency problem!
dpkg: regarding .../util-linux_2.20.1-5.1ubuntu9_amd64.deb containing util-linux, pre-dependency problem:
 util-linux pre-depends on libtinfo5
  libtinfo5:amd64 is unpacked, but has never been configured.

dpkg: warning: ignoring pre-dependency problem!
dpkg: regarding .../util-linux_2.20.1-5.1ubuntu9_amd64.deb containing util-linux, pre-dependency problem:
 util-linux pre-depends on libuuid1 (>= 2.16)
  libuuid1:amd64 is unpacked, but has never been configured.

dpkg: warning: ignoring pre-dependency problem!
dpkg: regarding .../util-linux_2.20.1-5.1ubuntu9_amd64.deb containing util-linux, pre-dependency problem:
 util-linux pre-depends on zlib1g (>= 1:1.1.4)

dpkg: warning: ignoring pre-dependency problem!
Unpacking util-linux (from .../util-linux_2.20.1-5.1ubuntu9_amd64.deb) ...
Selecting previously unselected package zlib1g:amd64.
dpkg: regarding .../zlib1g_1%3a1.2.8.dfsg-1ubuntu1_amd64.deb containing zlib1g:amd64, pre-dependency problem:
 zlib1g pre-depends on multiarch-support
  multiarch-support is unpacked, but has never been configured.

dpkg: warning: ignoring pre-dependency problem!
Unpacking zlib1g:amd64 (from .../zlib1g_1%3a1.2.8.dfsg-1ubuntu1_amd64.deb) ...
Setting up lsb-base (4.1+Debian11ubuntu4) ...
Setting up ncurses-base (5.9+20130608-1ubuntu1) ...
Setting up sensible-utils (0.0.9) ...
Setting up libklibc (2.0.1-3.1ubuntu2) ...
Setting up klibc-utils (2.0.1-3.1ubuntu2) ...
Setting up gcc-4.8-base:amd64 (4.8.1-10ubuntu8) ...
Setting up libsemanage-common (2.1.10-2) ...
Setting up libaudit-common (1:2.2.2-1ubuntu4) ...
Setting up libc6:amd64 (2.17-93ubuntu4) ...
Setting up cpio (2.11+dfsg-1ubuntu1) ...
update-alternatives: using /bin/mt-gnu to provide /bin/mt (mt) in auto mode
Setting up debianutils (4.4) ...
Setting up bsdutils (1:2.20.1-5.1ubuntu9) ...
Setting up tar (1.26+dfsg-8) ...
update-alternatives: using /usr/sbin/rmt-tar to provide /usr/sbin/rmt (rmt) in auto mode
Setting up locales (2.13+git20120306-9) ...
Setting up base-passwd (3.5.26) ...
Setting up mawk (1.3.3-17ubuntu1) ...
Setting up findutils (4.4.2-6ubuntu1) ...
Setting up insserv (1.14.0-5ubuntu2) ...
Setting up busybox-initramfs (1:1.20.0-8.1ubuntu1) ...
Setting up multiarch-support (2.17-93ubuntu4) ...
Setting up libcap2:amd64 (1:2.22-1.2ubuntu2) ...
Setting up libustr-1.0-1:amd64 (1.0.4-3ubuntu1) ...
Setting up makedev (2.3.1-93ubuntu1) ...
Setting up libdbus-1-3:amd64 (1.6.12-0ubuntu10) ...
Setting up libprocps0:amd64 (1:3.3.3-2ubuntu7) ...
Setting up libjson-c2:amd64 (0.11-2ubuntu1) ...
Setting up libdrm2:amd64 (2.4.46-1) ...
Setting up libsepol1:amd64 (2.1.9-2) ...
Setting up libudev1:amd64 (204-0ubuntu18) ...
Setting up libkmod2:amd64 (9-3ubuntu1) ...
Setting up zlib1g:amd64 (1:1.2.8.dfsg-1ubuntu1) ...
Setting up libgcc1:amd64 (1:4.8.1-10ubuntu8) ...
Setting up base-files (6.12ubuntu4) ...
Setting up initramfs-tools-bin (0.103ubuntu1) ...
Setting up libattr1:amd64 (1:2.4.47-1) ...
Setting up e2fslibs:amd64 (1.42.8-1ubuntu1) ...
Setting up libcomerr2:amd64 (1.42.8-1ubuntu1) ...
Setting up libacl1:amd64 (2.2.52-1) ...
Setting up libslang2:amd64 (2.2.4-15ubuntu1) ...
Setting up libss2:amd64 (1.42.8-1ubuntu1) ...
Setting up liblzma5:amd64 (5.1.1alpha+20120614-2ubuntu1) ...
Setting up libnih1:amd64 (1.0.3-4ubuntu16) ...
Setting up libaudit1:amd64 (1:2.2.2-1ubuntu4) ...
Setting up libdb5.1:amd64 (5.1.29-7) ...
Setting up libpcre3:amd64 (1:8.31-2) ...
Setting up libbz2-1.0:amd64 (1.0.6-4) ...
Setting up libtinfo5:amd64 (5.9+20130608-1ubuntu1) ...
Setting up libc-bin (2.17-93ubuntu4) ...
Setting up libjson0:amd64 (0.11-2ubuntu1) ...
Setting up libnih-dbus1:amd64 (1.0.3-4ubuntu16) ...
Setting up libselinux1:amd64 (2.1.13-2) ...
Setting up libpng12-0:amd64 (1.2.49-4ubuntu1) ...
Setting up iproute2 (3.10.0-1ubuntu1) ...
Setting up ncurses-bin (5.9+20130608-1ubuntu1) ...
Setting up libsemanage1:amd64 (2.1.10-2) ...
Setting up libncurses5:amd64 (5.9+20130608-1ubuntu1) ...
Setting up libplymouth2:amd64 (0.8.8-0ubuntu8) ...
Setting up dpkg (1.16.12ubuntu1) ...
Setting up libncursesw5:amd64 (5.9+20130608-1ubuntu1) ...
Setting up sysvinit-utils (2.88dsf-41ubuntu3) ...
Setting up dash (0.5.7-3ubuntu1) ...
Setting up coreutils (8.20-3ubuntu5) ...
Setting up perl-base (5.14.2-21build1) ...
Setting up diffutils (1:3.2-8) ...
Setting up sed (4.2.2-1ubuntu1) ...
Setting up grep (2.14-3) ...
Setting up gzip (1.6-2ubuntu1) ...
Setting up bash (4.2-5ubuntu3) ...
update-alternatives: using /usr/share/man/man7/bash-builtins.7.gz to provide /usr/share/man/man7/builtins.7.gz (builtins.7.gz) in auto mode
Setting up debconf (1.5.50ubuntu1) ...
Setting up libpam0g:amd64 (1.1.3-8ubuntu3) ...
Setting up sysv-rc (2.88dsf-41ubuntu3) ...
Setting up tzdata (2013g-0ubuntu1) ...

Current default time zone: 'Etc/UTC'
Local time is now:      Tue Dec  3 16:12:20 UTC 2013.
Universal Time is now:  Tue Dec  3 16:12:20 UTC 2013.
Run 'dpkg-reconfigure tzdata' if you wish to change it.

Setting up hostname (3.13ubuntu1) ...
Setting up libpam-modules-bin (1.1.3-8ubuntu3) ...
Setting up libpam-modules:amd64 (1.1.3-8ubuntu3) ...
Setting up passwd (1:4.1.5.1-1ubuntu6) ...
Shadow passwords are now on.
Setting up libpam-runtime (1.1.3-8ubuntu3) ...
Setting up login (1:4.1.5.1-1ubuntu6) ...
Setting up libuuid1:amd64 (2.20.1-5.1ubuntu9) ...
Setting up libblkid1:amd64 (2.20.1-5.1ubuntu9) ...
Setting up util-linux (2.20.1-5.1ubuntu9) ...
update-alternatives: using /bin/more to provide /usr/bin/pager (pager) in auto mode
Setting up libmount1:amd64 (2.20.1-5.1ubuntu9) ...
Setting up mount (2.20.1-5.1ubuntu9) ...
Setting up e2fsprogs (1.42.8-1ubuntu1) ...
Setting up udev (204-0ubuntu18) ...
invoke-rc.d: policy-rc.d denied execution of restart.
Removing 'diversion of /bin/udevadm to /bin/udevadm.upgrade by fake-udev'
update-initramfs: deferring update (trigger activated)
Setting up mountall (2.52) ...
Setting up initscripts (2.88dsf-41ubuntu3) ...
guest environment detected: Linking /dev/shm to /run/shm
invoke-rc.d: policy-rc.d denied execution of start.
Setting up procps (1:3.3.3-2ubuntu7) ...
update-alternatives: using /usr/bin/w.procps to provide /usr/bin/w (w) in auto mode
invoke-rc.d: policy-rc.d denied execution of start.
Setting up ifupdown (0.7.44ubuntu3) ...
Creating /etc/network/interfaces.
Setting up upstart (1.10-0ubuntu7) ...
Setting up kmod (9-3ubuntu1) ...
Setting up module-init-tools (9-3ubuntu1) ...
Setting up initramfs-tools (0.103ubuntu1) ...
update-initramfs: deferring update (trigger activated)
Setting up plymouth (0.8.8-0ubuntu8) ...
update-initramfs: deferring update (trigger activated)
Processing triggers for libc-bin ...
Processing triggers for initramfs-tools ...
(Reading database ... 6967 files and directories currently installed.)
Unpacking adduser (from .../adduser_3.113+nmu3ubuntu2_all.deb) ...
Unpacking apt (from .../apt_0.9.9.1~ubuntu3_amd64.deb) ...
Unpacking apt-utils (from .../apt-utils_0.9.9.1~ubuntu3_amd64.deb) ...
Unpacking bzip2 (from .../bzip2_1.0.6-4_amd64.deb) ...
Unpacking console-setup (from .../console-setup_1.70ubuntu7_all.deb) ...
Unpacking cron (from .../cron_3.0pl1-124ubuntu2_amd64.deb) ...
Unpacking debconf-i18n (from .../debconf-i18n_1.5.50ubuntu1_all.deb) ...
Unpacking dh-python (from .../dh-python_1.20131003-1_all.deb) ...
Unpacking dmsetup (from .../dmsetup_2%3a1.02.77-6ubuntu1_amd64.deb) ...
Unpacking eject (from .../eject_2.1.5+deb1+cvs20081104-13_amd64.deb) ...
Unpacking file (from .../file_5.11-2ubuntu4_amd64.deb) ...
Unpacking gnupg (from .../gnupg_1.4.14-1ubuntu2_amd64.deb) ...
Unpacking gpgv (from .../gpgv_1.4.14-1ubuntu2_amd64.deb) ...
Unpacking iputils-ping (from .../iputils-ping_3%3a20121221-1ubuntu1_amd64.deb) ...
Unpacking isc-dhcp-client (from .../isc-dhcp-client_4.2.4-7ubuntu8_amd64.deb) ...
Unpacking isc-dhcp-common (from .../isc-dhcp-common_4.2.4-7ubuntu8_amd64.deb) ...
Unpacking kbd (from .../kbd_1.15.5-1ubuntu1_amd64.deb) ...
Unpacking keyboard-configuration (from .../keyboard-configuration_1.70ubuntu7_all.deb) ...
Unpacking less (from .../archives/less_458-2_amd64.deb) ...
Unpacking libapt-inst1.5:amd64 (from .../libapt-inst1.5_0.9.9.1~ubuntu3_amd64.deb) ...
Unpacking libapt-pkg4.12:amd64 (from .../libapt-pkg4.12_0.9.9.1~ubuntu3_amd64.deb) ...
Unpacking libbsd0:amd64 (from .../libbsd0_0.6.0-1_amd64.deb) ...
Unpacking libdevmapper1.02.1:amd64 (from .../libdevmapper1.02.1_2%3a1.02.77-6ubuntu1_amd64.deb) ...
Unpacking libexpat1:amd64 (from .../libexpat1_2.1.0-4_amd64.deb) ...
Unpacking libffi6:amd64 (from .../libffi6_3.0.13-4_amd64.deb) ...
Unpacking libfribidi0:amd64 (from .../libfribidi0_0.19.5-2_amd64.deb) ...
Unpacking libgcrypt11:amd64 (from .../libgcrypt11_1.5.0-3ubuntu3_amd64.deb) ...
Unpacking libgnutls-openssl27:amd64 (from .../libgnutls-openssl27_2.12.23-1ubuntu4_amd64.deb) ...
Unpacking libgnutls26:amd64 (from .../libgnutls26_2.12.23-1ubuntu4_amd64.deb) ...
Unpacking libgpg-error0:amd64 (from .../libgpg-error0_1.12-0.2_amd64.deb) ...
Unpacking liblocale-gettext-perl (from .../liblocale-gettext-perl_1.05-7build2_amd64.deb) ...
Unpacking liblockfile-bin (from .../liblockfile-bin_1.09-6_amd64.deb) ...
Unpacking liblockfile1:amd64 (from .../liblockfile1_1.09-6_amd64.deb) ...
Unpacking libmagic1:amd64 (from .../libmagic1_5.11-2ubuntu4_amd64.deb) ...
Unpacking libnewt0.52:amd64 (from .../libnewt0.52_0.52.15-2ubuntu1_amd64.deb) ...
Unpacking libp11-kit0:amd64 (from .../libp11-kit0_0.18.3-2ubuntu1_amd64.deb) ...
Unpacking libpopt0:amd64 (from .../libpopt0_1.16-7ubuntu3_amd64.deb) ...
Unpacking libpython3-stdlib:amd64 (from .../libpython3-stdlib_3.3.2-14ubuntu1_amd64.deb) ...
Unpacking libpython3.3-minimal:amd64 (from .../libpython3.3-minimal_3.3.2-7ubuntu3_amd64.deb) ...
Unpacking libpython3.3-stdlib:amd64 (from .../libpython3.3-stdlib_3.3.2-7ubuntu3_amd64.deb) ...
Unpacking libreadline6:amd64 (from .../libreadline6_6.2-9ubuntu1_amd64.deb) ...
Unpacking libsqlite3-0:amd64 (from .../libsqlite3-0_3.7.17-1ubuntu1_amd64.deb) ...
Unpacking libssl1.0.0:amd64 (from .../libssl1.0.0_1.0.1e-3ubuntu1_amd64.deb) ...
Unpacking libstdc++6:amd64 (from .../libstdc++6_4.8.1-10ubuntu8_amd64.deb) ...
Unpacking libtasn1-3:amd64 (from .../libtasn1-3_2.14-3_amd64.deb) ...
Unpacking libtext-charwidth-perl (from .../libtext-charwidth-perl_0.04-7build2_amd64.deb) ...
Unpacking libtext-iconv-perl (from .../libtext-iconv-perl_1.7-5build1_amd64.deb) ...
Unpacking libtext-wrapi18n-perl (from .../libtext-wrapi18n-perl_0.06-7_all.deb) ...
Unpacking libusb-0.1-4:amd64 (from .../libusb-0.1-4_2%3a0.1.12-23.2ubuntu1_amd64.deb) ...
Unpacking lockfile-progs (from .../lockfile-progs_0.1.17_amd64.deb) ...
Unpacking logrotate (from .../logrotate_3.8.3-3ubuntu2_amd64.deb) ...
Unpacking lsb-release (from .../lsb-release_4.1+Debian11ubuntu4_all.deb) ...
Unpacking mime-support (from .../mime-support_3.54ubuntu1_all.deb) ...
Unpacking net-tools (from .../net-tools_1.60-25ubuntu1_amd64.deb) ...
Unpacking netbase (from .../archives/netbase_5.1_all.deb) ...
Unpacking netcat-openbsd (from .../netcat-openbsd_1.105-7ubuntu1_amd64.deb) ...
Unpacking ntpdate (from .../ntpdate_1%3a4.2.6.p5+dfsg-3ubuntu2_amd64.deb) ...
Unpacking python3 (from .../python3_3.3.2-14ubuntu1_amd64.deb) ...
Unpacking python3-minimal (from .../python3-minimal_3.3.2-14ubuntu1_amd64.deb) ...
Unpacking python3.3 (from .../python3.3_3.3.2-7ubuntu3_amd64.deb) ...
Unpacking python3.3-minimal (from .../python3.3-minimal_3.3.2-7ubuntu3_amd64.deb) ...
Unpacking readline-common (from .../readline-common_6.2-9ubuntu1_all.deb) ...
Unpacking resolvconf (from .../resolvconf_1.69ubuntu1_all.deb) ...
Unpacking rsyslog (from .../rsyslog_5.8.11-2ubuntu4_amd64.deb) ...
Unpacking sudo (from .../sudo_1.8.6p3-0ubuntu3_amd64.deb) ...
Unpacking ubuntu-keyring (from .../ubuntu-keyring_2012.05.19_all.deb) ...
Unpacking ubuntu-minimal (from .../ubuntu-minimal_1.307_amd64.deb) ...
Unpacking ucf (from .../ucf_3.0027+nmu1_all.deb) ...
Moving old data out of the way
Unpacking ureadahead (from .../ureadahead_0.100.0-16_amd64.deb) ...
Unpacking vim-common (from .../vim-common_2%3a7.4.000-1ubuntu2_amd64.deb) ...
Unpacking vim-tiny (from .../vim-tiny_2%3a7.4.000-1ubuntu2_amd64.deb) ...
Unpacking whiptail (from .../whiptail_0.52.15-2ubuntu1_amd64.deb) ...
Unpacking xkb-data (from .../xkb-data_2.5.1-3ubuntu2_all.deb) ...
Setting up sudo (1.8.6p3-0ubuntu3) ...
Setting up gpgv (1.4.14-1ubuntu2) ...
Setting up libssl1.0.0:amd64 (1.0.1e-3ubuntu1) ...
locale: Cannot set LC_ALL to default locale: No such file or directory
Setting up libffi6:amd64 (3.0.13-4) ...
Setting up isc-dhcp-common (4.2.4-7ubuntu8) ...
Setting up libtasn1-3:amd64 (2.14-3) ...
Setting up libpopt0:amd64 (1.16-7ubuntu3) ...
Setting up libusb-0.1-4:amd64 (2:0.1.12-23.2ubuntu1) ...
Setting up libgpg-error0:amd64 (1.12-0.2) ...
Setting up ucf (3.0027+nmu1) ...
locale: Cannot set LC_ALL to default locale: No such file or directory
Setting up bzip2 (1.0.6-4) ...
Setting up vim-common (2:7.4.000-1ubuntu2) ...
Setting up netbase (5.1) ...
Setting up libmagic1:amd64 (5.11-2ubuntu4) ...
Setting up resolvconf (1.69ubuntu1) ...
locale: Cannot set LC_ALL to default locale: No such file or directory
invoke-rc.d: policy-rc.d denied execution of start.
Setting up file (5.11-2ubuntu4) ...
Setting up libpython3.3-minimal:amd64 (3.3.2-7ubuntu3) ...
Setting up libfribidi0:amd64 (0.19.5-2) ...
Setting up adduser (3.113+nmu3ubuntu2) ...
locale: Cannot set LC_ALL to default locale: No such file or directory
Setting up libsqlite3-0:amd64 (3.7.17-1ubuntu1) ...
Setting up libtext-iconv-perl (1.7-5build1) ...
Setting up libexpat1:amd64 (2.1.0-4) ...
Setting up liblockfile-bin (1.09-6) ...
Setting up python3.3-minimal (3.3.2-7ubuntu3) ...
Setting up libnewt0.52:amd64 (0.52.15-2ubuntu1) ...
update-alternatives: using /etc/newt/palette.ubuntu to provide /etc/newt/palette (newt-palette) in auto mode
Setting up net-tools (1.60-25ubuntu1) ...
Setting up ureadahead (0.100.0-16) ...
Setting up xkb-data (2.5.1-3ubuntu2) ...
locale: Cannot set LC_ALL to default locale: No such file or directory
Setting up python3-minimal (3.3.2-14ubuntu1) ...
Setting up libbsd0:amd64 (0.6.0-1) ...
Setting up liblocale-gettext-perl (1.05-7build2) ...
Setting up ubuntu-keyring (2012.05.19) ...
gpg: /etc/apt//trustdb.gpg: trustdb created
gpg: key 437D05B5: public key "Ubuntu Archive Automatic Signing Key <ftpmaster@ubuntu.com>" imported
gpg: key FBB75451: public key "Ubuntu CD Image Automatic Signing Key <cdimage@ubuntu.com>" imported
gpg: key C0B21F32: public key "Ubuntu Archive Automatic Signing Key (2012) <ftpmaster@ubuntu.com>" imported
gpg: key EFE21092: public key "Ubuntu CD Image Automatic Signing Key (2012) <cdimage@ubuntu.com>" imported
gpg: Total number processed: 4
gpg:               imported: 4  (RSA: 2)
gpg: no ultimately trusted keys found
Setting up mime-support (3.54ubuntu1) ...
update-alternatives: using /usr/bin/see to provide /usr/bin/view (view) in auto mode
Setting up cron (3.0pl1-124ubuntu2) ...
Adding group `crontab' (GID 102) ...
Done.
invoke-rc.d: policy-rc.d denied execution of start.
Setting up libp11-kit0:amd64 (0.18.3-2ubuntu1) ...
Setting up ntpdate (1:4.2.6.p5+dfsg-3ubuntu2) ...
Setting up rsyslog (5.8.11-2ubuntu4) ...
locale: Cannot set LC_ALL to default locale: No such file or directory

Creating config file /etc/rsyslog.d/50-default.conf with new version
invoke-rc.d: policy-rc.d denied execution of start.
Setting up libstdc++6:amd64 (4.8.1-10ubuntu8) ...
Setting up isc-dhcp-client (4.2.4-7ubuntu8) ...
locale: Cannot set LC_ALL to default locale: No such file or directory
Setting up vim-tiny (2:7.4.000-1ubuntu2) ...
update-alternatives: using /usr/bin/vim.tiny to provide /usr/bin/rview (rview) in auto mode
update-alternatives: using /usr/bin/vim.tiny to provide /usr/bin/vi (vi) in auto mode
update-alternatives: using /usr/bin/vim.tiny to provide /usr/bin/view (view) in auto mode
update-alternatives: using /usr/bin/vim.tiny to provide /usr/bin/ex (ex) in auto mode
update-alternatives: using /usr/bin/vim.tiny to provide /usr/bin/editor (editor) in auto mode
Setting up less (458-2) ...
locale: Cannot set LC_ALL to default locale: No such file or directory
Setting up libtext-charwidth-perl (0.04-7build2) ...
Setting up readline-common (6.2-9ubuntu1) ...
Setting up liblockfile1:amd64 (1.09-6) ...
Setting up libtext-wrapi18n-perl (0.06-7) ...
Setting up libgcrypt11:amd64 (1.5.0-3ubuntu3) ...
Setting up whiptail (0.52.15-2ubuntu1) ...
Setting up libapt-pkg4.12:amd64 (0.9.9.1~ubuntu3) ...
Setting up netcat-openbsd (1.105-7ubuntu1) ...
update-alternatives: using /bin/nc.openbsd to provide /bin/nc (nc) in auto mode
Setting up libapt-inst1.5:amd64 (0.9.9.1~ubuntu3) ...
Setting up libreadline6:amd64 (6.2-9ubuntu1) ...
Setting up lockfile-progs (0.1.17) ...
Setting up gnupg (1.4.14-1ubuntu2) ...
Setting up debconf-i18n (1.5.50ubuntu1) ...
Setting up keyboard-configuration (1.70ubuntu7) ...
locale: Cannot set LC_ALL to default locale: No such file or directory
locale: Cannot set LC_ALL to default locale: No such file or directory
locale: Cannot set LC_ALL to default locale: No such file or directory
update-initramfs: deferring update (trigger activated)
Setting up libgnutls26:amd64 (2.12.23-1ubuntu4) ...
Setting up apt-utils (0.9.9.1~ubuntu3) ...
Setting up apt (0.9.9.1~ubuntu3) ...
gpg: key 437D05B5: "Ubuntu Archive Automatic Signing Key <ftpmaster@ubuntu.com>" not changed
gpg: key FBB75451: "Ubuntu CD Image Automatic Signing Key <cdimage@ubuntu.com>" not changed
gpg: key C0B21F32: "Ubuntu Archive Automatic Signing Key (2012) <ftpmaster@ubuntu.com>" not changed
gpg: key EFE21092: "Ubuntu CD Image Automatic Signing Key (2012) <cdimage@ubuntu.com>" not changed
gpg: Total number processed: 4
gpg:              unchanged: 4
Setting up libpython3.3-stdlib:amd64 (3.3.2-7ubuntu3) ...
Setting up python3.3 (3.3.2-7ubuntu3) ...
Setting up libgnutls-openssl27:amd64 (2.12.23-1ubuntu4) ...
Setting up iputils-ping (3:20121221-1ubuntu1) ...
Setting up libpython3-stdlib:amd64 (3.3.2-14ubuntu1) ...
Processing triggers for ureadahead ...
Setting up logrotate (3.8.3-3ubuntu2) ...
Setting up dh-python (1.20131003-1) ...
Setting up python3 (3.3.2-14ubuntu1) ...
Setting up lsb-release (4.1+Debian11ubuntu4) ...
Setting up console-setup (1.70ubuntu7) ...
locale: Cannot set LC_ALL to default locale: No such file or directory
locale: Cannot set LC_ALL to default locale: No such file or directory
update-alternatives: using /etc/console-setup/vtrgb to provide /etc/vtrgb (vtrgb) in auto mode
Your console font configuration will be updated the next time your system
boots. If you want to update it now, run 'setupcon' from a virtual console.
update-initramfs: deferring update (trigger activated)
Setting up libdevmapper1.02.1:amd64 (2:1.02.77-6ubuntu1) ...
Setting up dmsetup (2:1.02.77-6ubuntu1) ...
update-initramfs: deferring update (trigger activated)
Setting up eject (2.1.5+deb1+cvs20081104-13) ...
Processing triggers for ureadahead ...
Setting up kbd (1.15.5-1ubuntu1) ...
Setting up ubuntu-minimal (1.307) ...
Processing triggers for libc-bin ...
Processing triggers for initramfs-tools ...
